# JRE version: OpenJDK Runtime Environment (Zulu 8.52.0.23-CA-win64) (8.0_282-b08) (build 1.8.0_282-b08)
# Java VM: OpenJDK 64-Bit Server VM (25.282-b08 mixed mode windows-amd64 compressed oops)
Heap:
 PSYoungGen      total 679936K, used 370075K [0x00000000d5580000, 0x0000000100000000, 0x0000000100000000)
  eden space 660992K, 55% used [0x00000000d5580000,0x00000000ebc49688,0x00000000fdb00000)
  from space 18944K, 14% used [0x00000000fed80000,0x00000000ff01d850,0x0000000100000000)
  to   space 18944K, 0% used [0x00000000fdb00000,0x00000000fdb00000,0x00000000fed80000)
 ParOldGen       total 127488K, used 25884K [0x0000000080000000, 0x0000000087c80000, 0x00000000d5580000)
  object space 127488K, 20% used [0x0000000080000000,0x0000000081947350,0x0000000087c80000)
 Metaspace       used 35703K, capacity 37200K, committed 37288K, reserved 1081344K
  class space    used 3986K, capacity 4450K, committed 4520K, reserved 1048576K
GC Heap History (10 events):
Event: 96.941 GC heap before
{Heap before GC invocations=10 (full 1):
 PSYoungGen      total 679936K, used 135321K [0x00000000d5580000, 0x0000000100000000, 0x0000000100000000)
  eden space 663040K, 18% used [0x00000000d5580000,0x00000000dcc43d90,0x00000000fdd00000)
  from space 16896K, 81% used [0x00000000fef80000,0x00000000ffce2a50,0x0000000100000000)
  to   space 17920K, 0% used [0x00000000fdd00000,0x00000000fdd00000,0x00000000fee80000)
 ParOldGen       total 86016K, used 13087K [0x0000000080000000, 0x0000000085400000, 0x00000000d5580000)
  object space 86016K, 15% used [0x0000000080000000,0x0000000080cc7d70,0x0000000085400000)
 Metaspace       used 34167K, capacity 35432K, committed 35496K, reserved 1081344K
  class space    used 3872K, capacity 4235K, committed 4264K, reserved 1048576K
Event: 96.949 GC heap after
Heap after GC invocations=10 (full 1):
 PSYoungGen      total 667136K, used 3808K [0x00000000d5580000, 0x0000000100000000, 0x0000000100000000)
  eden space 663040K, 0% used [0x00000000d5580000,0x00000000d5580000,0x00000000fdd00000)
  from space 4096K, 92% used [0x00000000fdd00000,0x00000000fe0b8070,0x00000000fe100000)
  to   space 18432K, 0% used [0x00000000fee00000,0x00000000fee00000,0x0000000100000000)
 ParOldGen       total 86016K, used 23435K [0x0000000080000000, 0x0000000085400000, 0x00000000d5580000)
  object space 86016K, 27% used [0x0000000080000000,0x00000000816e2f50,0x0000000085400000)
 Metaspace       used 34167K, capacity 35432K, committed 35496K, reserved 1081344K
  class space    used 3872K, capacity 4235K, committed 4264K, reserved 1048576K
}
Event: 96.949 GC heap before
{Heap before GC invocations=11 (full 2):
 PSYoungGen      total 667136K, used 3808K [0x00000000d5580000, 0x0000000100000000, 0x0000000100000000)
  eden space 663040K, 0% used [0x00000000d5580000,0x00000000d5580000,0x00000000fdd00000)
  from space 4096K, 92% used [0x00000000fdd00000,0x00000000fe0b8070,0x00000000fe100000)
  to   space 18432K, 0% used [0x00000000fee00000,0x00000000fee00000,0x0000000100000000)
 ParOldGen       total 86016K, used 23435K [0x0000000080000000, 0x0000000085400000, 0x00000000d5580000)
  object space 86016K, 27% used [0x0000000080000000,0x00000000816e2f50,0x0000000085400000)
 Metaspace       used 34167K, capacity 35432K, committed 35496K, reserved 1081344K
  class space    used 3872K, capacity 4235K, committed 4264K, reserved 1048576K
Event: 97.004 GC heap after
Heap after GC invocations=11 (full 2):
 PSYoungGen      total 667136K, used 0K [0x00000000d5580000, 0x0000000100000000, 0x0000000100000000)
  eden space 663040K, 0% used [0x00000000d5580000,0x00000000d5580000,0x00000000fdd00000)
  from space 4096K, 0% used [0x00000000fdd00000,0x00000000fdd00000,0x00000000fe100000)
  to   space 18432K, 0% used [0x00000000fee00000,0x00000000fee00000,0x0000000100000000)
 ParOldGen       total 127488K, used 22052K [0x0000000080000000, 0x0000000087c80000, 0x00000000d5580000)
  object space 127488K, 17% used [0x0000000080000000,0x00000000815892c8,0x0000000087c80000)
 Metaspace       used 34160K, capacity 35416K, committed 35496K, reserved 1081344K
  class space    used 3869K, capacity 4231K, committed 4264K, reserved 1048576K
}
Event: 179.966 GC heap before
{Heap before GC invocations=12 (full 2):
 PSYoungGen      total 667136K, used 663040K [0x00000000d5580000, 0x0000000100000000, 0x0000000100000000)
  eden space 663040K, 100% used [0x00000000d5580000,0x00000000fdd00000,0x00000000fdd00000)
  from space 4096K, 0% used [0x00000000fdd00000,0x00000000fdd00000,0x00000000fe100000)
  to   space 18432K, 0% used [0x00000000fee00000,0x00000000fee00000,0x0000000100000000)
 ParOldGen       total 127488K, used 22052K [0x0000000080000000, 0x0000000087c80000, 0x00000000d5580000)
  object space 127488K, 17% used [0x0000000080000000,0x00000000815892c8,0x0000000087c80000)
 Metaspace       used 34726K, capacity 36074K, committed 36392K, reserved 1081344K
  class space    used 3901K, capacity 4302K, committed 4392K, reserved 1048576K
Event: 179.969 GC heap after
Heap after GC invocations=12 (full 2):
 PSYoungGen      total 680448K, used 2753K [0x00000000d5580000, 0x0000000100000000, 0x0000000100000000)
  eden space 662016K, 0% used [0x00000000d5580000,0x00000000d5580000,0x00000000fdc00000)
  from space 18432K, 14% used [0x00000000fee00000,0x00000000ff0b0420,0x0000000100000000)
  to   space 18432K, 0% used [0x00000000fdc00000,0x00000000fdc00000,0x00000000fee00000)
 ParOldGen       total 127488K, used 22060K [0x0000000080000000, 0x0000000087c80000, 0x00000000d5580000)
  object space 127488K, 17% used [0x0000000080000000,0x000000008158b2c8,0x0000000087c80000)
 Metaspace       used 34726K, capacity 36074K, committed 36392K, reserved 1081344K
  class space    used 3901K, capacity 4302K, committed 4392K, reserved 1048576K
}
Event: 199.737 GC heap before
{Heap before GC invocations=13 (full 2):
 PSYoungGen      total 680448K, used 664769K [0x00000000d5580000, 0x0000000100000000, 0x0000000100000000)
  eden space 662016K, 100% used [0x00000000d5580000,0x00000000fdc00000,0x00000000fdc00000)
  from space 18432K, 14% used [0x00000000fee00000,0x00000000ff0b0420,0x0000000100000000)
  to   space 18432K, 0% used [0x00000000fdc00000,0x00000000fdc00000,0x00000000fee00000)
 ParOldGen       total 127488K, used 22060K [0x0000000080000000, 0x0000000087c80000, 0x00000000d5580000)
  object space 127488K, 17% used [0x0000000080000000,0x000000008158b2c8,0x0000000087c80000)
 Metaspace       used 35213K, capacity 36642K, committed 36904K, reserved 1081344K
  class space    used 3950K, capacity 4364K, committed 4392K, reserved 1048576K
Event: 199.741 GC heap after
Heap after GC invocations=13 (full 2):
 PSYoungGen      total 665088K, used 2619K [0x00000000d5580000, 0x0000000100000000, 0x0000000100000000)
  eden space 662016K, 0% used [0x00000000d5580000,0x00000000d5580000,0x00000000fdc00000)
  from space 3072K, 85% used [0x00000000fdc00000,0x00000000fde8ec50,0x00000000fdf00000)
  to   space 18944K, 0% used [0x00000000fed80000,0x00000000fed80000,0x0000000100000000)
 ParOldGen       total 127488K, used 23996K [0x0000000080000000, 0x0000000087c80000, 0x00000000d5580000)
  object space 127488K, 18% used [0x0000000080000000,0x000000008176f180,0x0000000087c80000)
 Metaspace       used 35213K, capacity 36642K, committed 36904K, reserved 1081344K
  class space    used 3950K, capacity 4364K, committed 4392K, reserved 1048576K
}
Event: 220.358 GC heap before
{Heap before GC invocations=14 (full 2):
 PSYoungGen      total 665088K, used 664635K [0x00000000d5580000, 0x0000000100000000, 0x0000000100000000)
  eden space 662016K, 100% used [0x00000000d5580000,0x00000000fdc00000,0x00000000fdc00000)
  from space 3072K, 85% used [0x00000000fdc00000,0x00000000fde8ec50,0x00000000fdf00000)
  to   space 18944K, 0% used [0x00000000fed80000,0x00000000fed80000,0x0000000100000000)
 ParOldGen       total 127488K, used 23996K [0x0000000080000000, 0x0000000087c80000, 0x00000000d5580000)
  object space 127488K, 18% used [0x0000000080000000,0x000000008176f180,0x0000000087c80000)
 Metaspace       used 35558K, capacity 37018K, committed 37288K, reserved 1081344K
  class space    used 3971K, capacity 4414K, committed 4520K, reserved 1048576K
Event: 220.363 GC heap after
Heap after GC invocations=14 (full 2):
 PSYoungGen      total 679936K, used 2678K [0x00000000d5580000, 0x0000000100000000, 0x0000000100000000)
  eden space 660992K, 0% used [0x00000000d5580000,0x00000000d5580000,0x00000000fdb00000)
  from space 18944K, 14% used [0x00000000fed80000,0x00000000ff01d850,0x0000000100000000)
  to   space 18944K, 0% used [0x00000000fdb00000,0x00000000fdb00000,0x00000000fed80000)
 ParOldGen       total 127488K, used 25884K [0x0000000080000000, 0x0000000087c80000, 0x00000000d5580000)
  object space 127488K, 20% used [0x0000000080000000,0x0000000081947350,0x0000000087c80000)
 Metaspace       used 35558K, capacity 37018K, committed 37288K, reserved 1081344K
  class space    used 3971K, capacity 4414K, committed 4520K, reserved 1048576K
}

